Build started 2015/4/29 23:55:17.
     1>Project "D:\CSE687\MockProject\backup\MessagePassing\Sender\Sender.vcxproj" on node 3 (Rebuild target(s)).
     1>ClCompile:
         D:\Program Files (x86)\Microsoft Visual Studio 12.0\VC\bin\CL.exe /c /ZI /nologo /W3 /WX- /sdl /Od /Oy- /D _MBCS /D TEST_SENDER /D _MBCS /Gm /EHsc /RTC1 /MDd /GS /fp:precise /Zc:wchar_t /Zc:forScope /Fo"Debug\\" /Fd"Debug\vc120.pdb" /Gd /TP /analyze- /errorReport:prompt "..\Cpp11-BlockingQueue\Cpp11-BlockingQueue.cpp" ..\FileCatalogue\FileSystem.cpp ..\Message\Message.cpp ..\Sockets\ApplicationHelpers\AppHelpers.cpp ..\Sockets\Sockets\Sockets.cpp ..\WindowsHelpers\WindowsHelpers.cpp Sender.cpp
         Sender.cpp
         WindowsHelpers.cpp
         Sockets.cpp
         AppHelpers.cpp
         Message.cpp
         FileSystem.cpp
         Cpp11-BlockingQueue.cpp
         Generating Code...
       Link:
         D:\Program Files (x86)\Microsoft Visual Studio 12.0\VC\bin\link.exe /ERRORREPORT:PROMPT /OUT:"D:\CSE687\MockProject\backup\MessagePassing\Debug\Sender.exe" /INCREMENTAL /NOLOGO kernel32.lib user32.lib gdi32.lib winspool.lib comdlg32.lib advapi32.lib shell32.lib ole32.lib oleaut32.lib uuid.lib odbc32.lib odbccp32.lib /MANIFEST /MANIFESTUAC:"level='asInvoker' uiAccess='false'" /manifest:embed /DEBUG /PDB:"D:\CSE687\MockProject\backup\MessagePassing\Debug\Sender.pdb" /SUBSYSTEM:CONSOLE /TLBID:1 /DYNAMICBASE /NXCOMPAT /IMPLIB:"D:\CSE687\MockProject\backup\MessagePassing\Debug\Sender.lib" /MACHINE:X86 "Debug\Cpp11-BlockingQueue.obj"
         Debug\FileSystem.obj
         Debug\Message.obj
         Debug\AppHelpers.obj
         Debug\Sockets.obj
         Debug\WindowsHelpers.obj
         Debug\Sender.obj
         Sender.vcxproj -> D:\CSE687\MockProject\backup\MessagePassing\Debug\Sender.exe
     1>Done Building Project "D:\CSE687\MockProject\backup\MessagePassing\Sender\Sender.vcxproj" (Rebuild target(s)).

Build succeeded.

Time Elapsed 00:00:27.90
