Build started 2015/4/29 23:56:02.
     1>Project "D:\CSE687\MockProject\backup\MessagePassing\XmlDocument\XmlDocument.vcxproj" on node 2 (Rebuild target(s)).
     1>ClCompile:
         D:\Program Files (x86)\Microsoft Visual Studio 12.0\VC\bin\CL.exe /c /ZI /nologo /W3 /WX- /sdl /Od /Oy- /D WIN32 /D _DEBUG /D TEST_XMLDOCUMENT /D _CONSOLE /D _LIB /D _UNICODE /D UNICODE /Gm /EHsc /RTC1 /MDd /GS /fp:precise /Zc:wchar_t /Zc:forScope /Fo"Debug\\" /Fd"Debug\vc120.pdb" /Gd /TP /analyze- /errorReport:prompt ..\XMLDisplayHelper\XMLDisplayHelper.cpp ..\XmlElementParts\XmlElementParts\Tokenizer.cpp ..\XmlElementParts\XmlElementParts\xmlElementParts.cpp ..\XmlElement\XmlElement.cpp ..\XmltoTree\XmltoTree.cpp XmlDocument.cpp
         XmlDocument.cpp
         XmltoTree.cpp
         XmlElement.cpp
         xmlElementParts.cpp
         Tokenizer.cpp
         XMLDisplayHelper.cpp
         Generating Code...
       Link:
         D:\Program Files (x86)\Microsoft Visual Studio 12.0\VC\bin\link.exe /ERRORREPORT:PROMPT /OUT:"D:\CSE687\MockProject\backup\MessagePassing\Debug\XmlDocument.exe" /INCREMENTAL /NOLOGO kernel32.lib user32.lib gdi32.lib winspool.lib comdlg32.lib advapi32.lib shell32.lib ole32.lib oleaut32.lib uuid.lib odbc32.lib odbccp32.lib /MANIFEST /MANIFESTUAC:"level='asInvoker' uiAccess='false'" /manifest:embed /DEBUG /PDB:"D:\CSE687\MockProject\backup\MessagePassing\Debug\XmlDocument.pdb" /SUBSYSTEM:CONSOLE /TLBID:1 /DYNAMICBASE /NXCOMPAT /IMPLIB:"D:\CSE687\MockProject\backup\MessagePassing\Debug\XmlDocument.lib" /MACHINE:X86 Debug\XMLDisplayHelper.obj
         Debug\Tokenizer.obj
         Debug\xmlElementParts.obj
         Debug\XmlElement.obj
         Debug\XmltoTree.obj
         Debug\XmlDocument.obj
         XmlDocument.vcxproj -> D:\CSE687\MockProject\backup\MessagePassing\Debug\XmlDocument.exe
     1>Done Building Project "D:\CSE687\MockProject\backup\MessagePassing\XmlDocument\XmlDocument.vcxproj" (Rebuild target(s)).

Build succeeded.

Time Elapsed 00:00:16.29
