d:\cse687\mockproject\backup\messagepassing\client\debug\vc120.pdb
d:\cse687\mockproject\backup\messagepassing\client\debug\vc120.idb
d:\cse687\mockproject\backup\messagepassing\client\debug\apphelpers.obj
d:\cse687\mockproject\backup\messagepassing\client\debug\cpp11-blockingqueue.obj
d:\cse687\mockproject\backup\messagepassing\client\debug\datastore.obj
d:\cse687\mockproject\backup\messagepassing\client\debug\displayhelper.obj
d:\cse687\mockproject\backup\messagepassing\client\debug\filecatalogue.obj
d:\cse687\mockproject\backup\messagepassing\client\debug\filesystem.obj
d:\cse687\mockproject\backup\messagepassing\client\debug\message.obj
d:\cse687\mockproject\backup\messagepassing\client\debug\receiver.obj
d:\cse687\mockproject\backup\messagepassing\client\debug\sender.obj
d:\cse687\mockproject\backup\messagepassing\client\debug\sockets.obj
d:\cse687\mockproject\backup\messagepassing\client\debug\windowshelpers.obj
d:\cse687\mockproject\backup\messagepassing\client\debug\xmldocument.obj
d:\cse687\mockproject\backup\messagepassing\client\debug\tokenizer.obj
d:\cse687\mockproject\backup\messagepassing\client\debug\xmlelementparts.obj
d:\cse687\mockproject\backup\messagepassing\client\debug\xmlelement.obj
d:\cse687\mockproject\backup\messagepassing\client\debug\xmltotree.obj
d:\cse687\mockproject\backup\messagepassing\client\debug\client.obj
d:\cse687\mockproject\backup\messagepassing\client\debug\iclient.obj
d:\cse687\mockproject\backup\messagepassing\debug\client.lib
d:\cse687\mockproject\backup\messagepassing\debug\client.exp
d:\cse687\mockproject\backup\messagepassing\debug\client.ilk
d:\cse687\mockproject\backup\messagepassing\debug\client.dll
d:\cse687\mockproject\backup\messagepassing\debug\client.pdb
d:\cse687\mockproject\backup\messagepassing\client\debug\client.tlog\cl.command.1.tlog
d:\cse687\mockproject\backup\messagepassing\client\debug\client.tlog\cl.read.1.tlog
d:\cse687\mockproject\backup\messagepassing\client\debug\client.tlog\cl.write.1.tlog
d:\cse687\mockproject\backup\messagepassing\client\debug\client.tlog\client.write.1u.tlog
d:\cse687\mockproject\backup\messagepassing\client\debug\client.tlog\link.command.1.tlog
d:\cse687\mockproject\backup\messagepassing\client\debug\client.tlog\link.read.1.tlog
d:\cse687\mockproject\backup\messagepassing\client\debug\client.tlog\link.write.1.tlog
