Build started 2015/4/29 23:56:01.
     1>Project "D:\CSE687\MockProject\backup\MessagePassing\Parser\Parser.vcxproj" on node 4 (Rebuild target(s)).
     1>ClCompile:
         D:\Program Files (x86)\Microsoft Visual Studio 12.0\VC\bin\CL.exe /c /ZI /nologo /W3 /WX- /sdl /Od /Oy- /D WIN32 /D _DEBUG /D TEST_PARSER /D _CONSOLE /D _LIB /D _UNICODE /D UNICODE /Gm /EHsc /RTC1 /MDd /GS /fp:precise /Zc:wchar_t /Zc:forScope /Fo"Debug\\" /Fd"Debug\vc120.pdb" /Gd /TP /analyze- /errorReport:prompt ..\DataStore\DataStore.cpp ..\DisplayHelper\DisplayHelper.cpp ..\FileCatalogue\FileCatalogue.cpp ..\FileCatalogue\FileSystem.cpp Parser.cpp
         Parser.cpp
         FileSystem.cpp
         FileCatalogue.cpp
         DisplayHelper.cpp
         DataStore.cpp
         Generating Code...
       Link:
         D:\Program Files (x86)\Microsoft Visual Studio 12.0\VC\bin\link.exe /ERRORREPORT:PROMPT /OUT:"D:\CSE687\MockProject\backup\MessagePassing\Debug\Parser.exe" /INCREMENTAL /NOLOGO kernel32.lib user32.lib gdi32.lib winspool.lib comdlg32.lib advapi32.lib shell32.lib ole32.lib oleaut32.lib uuid.lib odbc32.lib odbccp32.lib /MANIFEST /MANIFESTUAC:"level='asInvoker' uiAccess='false'" /manifest:embed /DEBUG /PDB:"D:\CSE687\MockProject\backup\MessagePassing\Debug\Parser.pdb" /SUBSYSTEM:CONSOLE /TLBID:1 /DYNAMICBASE /NXCOMPAT /IMPLIB:"D:\CSE687\MockProject\backup\MessagePassing\Debug\Parser.lib" /MACHINE:X86 Debug\DataStore.obj
         Debug\DisplayHelper.obj
         Debug\FileCatalogue.obj
         Debug\FileSystem.obj
         Debug\Parser.obj
         Parser.vcxproj -> D:\CSE687\MockProject\backup\MessagePassing\Debug\Parser.exe
     1>Done Building Project "D:\CSE687\MockProject\backup\MessagePassing\Parser\Parser.vcxproj" (Rebuild target(s)).

Build succeeded.

Time Elapsed 00:00:17.06
