d:\cse687\mockproject\backup\messagepassing\server\debug\vc120.pdb
d:\cse687\mockproject\backup\messagepassing\server\debug\vc120.idb
d:\cse687\mockproject\backup\messagepassing\server\debug\apphelpers.obj
d:\cse687\mockproject\backup\messagepassing\server\debug\datastore.obj
d:\cse687\mockproject\backup\messagepassing\server\debug\displayhelper.obj
d:\cse687\mockproject\backup\messagepassing\server\debug\filecatalogue.obj
d:\cse687\mockproject\backup\messagepassing\server\debug\filesystem.obj
d:\cse687\mockproject\backup\messagepassing\server\debug\message.obj
d:\cse687\mockproject\backup\messagepassing\server\debug\receiver.obj
d:\cse687\mockproject\backup\messagepassing\server\debug\sender.obj
d:\cse687\mockproject\backup\messagepassing\server\debug\sockets.obj
d:\cse687\mockproject\backup\messagepassing\server\debug\windowshelpers.obj
d:\cse687\mockproject\backup\messagepassing\server\debug\xmldocument.obj
d:\cse687\mockproject\backup\messagepassing\server\debug\tokenizer.obj
d:\cse687\mockproject\backup\messagepassing\server\debug\xmlelementparts.obj
d:\cse687\mockproject\backup\messagepassing\server\debug\xmlelement.obj
d:\cse687\mockproject\backup\messagepassing\server\debug\xmltotree.obj
d:\cse687\mockproject\backup\messagepassing\server\debug\server.obj
d:\cse687\mockproject\backup\messagepassing\debug\server.ilk
d:\cse687\mockproject\backup\messagepassing\debug\server.exe
d:\cse687\mockproject\backup\messagepassing\debug\server.pdb
d:\cse687\mockproject\backup\messagepassing\server\debug\server.tlog\cl.command.1.tlog
d:\cse687\mockproject\backup\messagepassing\server\debug\server.tlog\cl.read.1.tlog
d:\cse687\mockproject\backup\messagepassing\server\debug\server.tlog\cl.write.1.tlog
d:\cse687\mockproject\backup\messagepassing\server\debug\server.tlog\link.command.1.tlog
d:\cse687\mockproject\backup\messagepassing\server\debug\server.tlog\link.read.1.tlog
d:\cse687\mockproject\backup\messagepassing\server\debug\server.tlog\link.write.1.tlog
