d:\cse687\mockproject\backup\messagepassing\receiver\debug\vc120.pdb
d:\cse687\mockproject\backup\messagepassing\receiver\debug\vc120.idb
d:\cse687\mockproject\backup\messagepassing\receiver\debug\cpp11-blockingqueue.obj
d:\cse687\mockproject\backup\messagepassing\receiver\debug\datastore.obj
d:\cse687\mockproject\backup\messagepassing\receiver\debug\displayhelper.obj
d:\cse687\mockproject\backup\messagepassing\receiver\debug\filecatalogue.obj
d:\cse687\mockproject\backup\messagepassing\receiver\debug\filesystem.obj
d:\cse687\mockproject\backup\messagepassing\receiver\debug\message.obj
d:\cse687\mockproject\backup\messagepassing\receiver\debug\sender.obj
d:\cse687\mockproject\backup\messagepassing\receiver\debug\apphelpers.obj
d:\cse687\mockproject\backup\messagepassing\receiver\debug\sockets.obj
d:\cse687\mockproject\backup\messagepassing\receiver\debug\windowshelpers.obj
d:\cse687\mockproject\backup\messagepassing\receiver\debug\xmldocument.obj
d:\cse687\mockproject\backup\messagepassing\receiver\debug\tokenizer.obj
d:\cse687\mockproject\backup\messagepassing\receiver\debug\xmlelementparts.obj
d:\cse687\mockproject\backup\messagepassing\receiver\debug\xmlelement.obj
d:\cse687\mockproject\backup\messagepassing\receiver\debug\xmltotree.obj
d:\cse687\mockproject\backup\messagepassing\receiver\debug\receiver.obj
d:\cse687\mockproject\backup\messagepassing\debug\receiver.ilk
d:\cse687\mockproject\backup\messagepassing\debug\receiver.exe
d:\cse687\mockproject\backup\messagepassing\debug\receiver.pdb
d:\cse687\mockproject\backup\messagepassing\receiver\debug\receiver.tlog\cl.command.1.tlog
d:\cse687\mockproject\backup\messagepassing\receiver\debug\receiver.tlog\cl.read.1.tlog
d:\cse687\mockproject\backup\messagepassing\receiver\debug\receiver.tlog\cl.write.1.tlog
d:\cse687\mockproject\backup\messagepassing\receiver\debug\receiver.tlog\link.command.1.tlog
d:\cse687\mockproject\backup\messagepassing\receiver\debug\receiver.tlog\link.read.1.tlog
d:\cse687\mockproject\backup\messagepassing\receiver\debug\receiver.tlog\link.write.1.tlog
